<?xml version="1.0" encoding="UTF-8"?>
<testsuite xmlns:xsi="http://www.w3.org/2001/XMLSchema-instance" xsi:noNamespaceSchemaLocation="https://maven.apache.org/surefire/maven-surefire-plugin/xsd/surefire-test-report-3.0.xsd" version="3.0" name="com.zoho.StudentsManagements.StudentsManagementsApplicationTests" time="2.404" tests="1" errors="0" skipped="0" failures="0">
  <properties>
[...]
</properties>
  <testcase name="contextLoads" classname="com.zoho.StudentsManagements.StudentsManagementsApplicationTests" time="0.689">
    <system-out><![CDATA[13:03:25.487 [main] INFO org.springframework.test.context.support.AnnotationConfigContextLoaderUtils -- Could not detect default configuration classes for test class [com.zoho.StudentsManagements.StudentsManagementsApplicationTests]: StudentsManagementsApplicationTests does not declare any static, non-private, non-final, nested classes annotated with @Configuration.
13:03:25.568 [main] INFO org.springframework.boot.test.context.SpringBootTestContextBootstrapper -- Found @SpringBootConfiguration com.zoho.StudentsManagements.StudentsManagementsApplication for test class com.zoho.StudentsManagements.StudentsManagementsApplicationTests

  .   ____          _            __ _ _
 /\\ / ___'_ __ _ _(_)_ __  __ _ \ \ \ \
( ( )\___ | '_ | '_| | '_ \/ _` | \ \ \ \
 \\/  ___)| |_)| | | | | || (_| |  ) ) ) )
  '  |____| .__|_| |_|_| |_\__, | / / / /
 =========|_|==============|___/=/_/_/_/
 :: Spring Boot ::                (v3.2.4)

2024-04-11T13:03:25.892+05:30  INFO 19416 --- [StudentsManagements] [           main] .z.S.StudentsManagementsApplicationTests : Starting StudentsManagementsApplicationTests using Java 17.0.10 with PID 19416 (started by TechSquare in C:\Users\TechSquare\Downloads\StudentsManagements\StudentsManagements)
2024-04-11T13:03:25.893+05:30  INFO 19416 --- [StudentsManagements] [           main] .z.S.StudentsManagementsApplicationTests : No active profile set, falling back to 1 default profile: "default"
2024-04-11T13:03:26.184+05:30  INFO 19416 --- [StudentsManagements] [           main] .s.d.r.c.RepositoryConfigurationDelegate : Bootstrapping Spring Data JDBC repositories in DEFAULT mode.
2024-04-11T13:03:26.199+05:30  INFO 19416 --- [StudentsManagements] [           main] .s.d.r.c.RepositoryConfigurationDelegate : Finished Spring Data repository scanning in 10 ms. Found 0 JDBC repository interfaces.
2024-04-11T13:03:26.523+05:30  INFO 19416 --- [StudentsManagements] [           main] com.zaxxer.hikari.HikariDataSource       : HikariPool-1 - Starting...
2024-04-11T13:03:26.864+05:30  INFO 19416 --- [StudentsManagements] [           main] com.zaxxer.hikari.pool.HikariPool        : HikariPool-1 - Added connection com.mysql.cj.jdbc.ConnectionImpl@22bf9122
2024-04-11T13:03:26.866+05:30  INFO 19416 --- [StudentsManagements] [           main] com.zaxxer.hikari.HikariDataSource       : HikariPool-1 - Start completed.
2024-04-11T13:03:27.044+05:30  INFO 19416 --- [StudentsManagements] [           main] .z.S.StudentsManagementsApplicationTests : Started StudentsManagementsApplicationTests in 1.361 seconds (process running for 2.323)
]]></system-out>
  </testcase>
</testsuite>